
> vite_chromatic@0.0.0 build-storybook
> storybook build --output-dir=/var/folders/2d/03p79k4d799dx5_38qr133gm0000gn/T/chromatic--51198-pDA16ClzbDhQ

[1m@storybook/core v8.6.14
[22m
info => Cleaning outputDir: [36m../../../../../var/folders/2d/03p79k4d799dx5_38qr133gm0000gn/T/chromatic--51198-pDA16ClzbDhQ[39m
info => Loading presets
info => Building manager..
info => Manager built ([38;2;181;126;229m186 ms[39m)
info => Building preview..
info Using tsconfig paths for react-docgen
[36mvite v6.3.5 [32mbuilding for production...[36m[39m
transforming...
[32m✓[39m 127 modules transformed.
rendering chunks...
computing gzip size...
[2m../../../../../var/folders/2d/03p79k4d799dx5_38qr133gm0000gn/T/chromatic--51198-pDA16ClzbDhQ/[22m[2massets/[22m[32mcontext-C0qIqeS4.png               [39m[1m[2m  6.12 kB[22m[1m[22m
[2m../../../../../var/folders/2d/03p79k4d799dx5_38qr133gm0000gn/T/chromatic--51198-pDA16ClzbDhQ/[22m[2massets/[22m[32mstyling-Bk6zjRzU.png               [39m[1m[2m  7.24 kB[22m[1m[22m
[2m../../../../../var/folders/2d/03p79k4d799dx5_38qr133gm0000gn/T/chromatic--51198-pDA16ClzbDhQ/[22m[32miframe.html                               [39m[1m[2m 17.75 kB[22m[1m[22m[2m │ gzip:   5.00 kB[22m
[2m../../../../../var/folders/2d/03p79k4d799dx5_38qr133gm0000gn/T/chromatic--51198-pDA16ClzbDhQ/[22m[2massets/[22m[32mdocs---vsFbMi.png                  [39m[1m[2m 27.88 kB[22m[1m[22m
[2m../../../../../var/folders/2d/03p79k4d799dx5_38qr133gm0000gn/T/chromatic--51198-pDA16ClzbDhQ/[22m[2massets/[22m[32mshare-DGA-UcQf.png                 [39m[1m[2m 40.77 kB[22m[1m[22m
[2m../../../../../var/folders/2d/03p79k4d799dx5_38qr133gm0000gn/T/chromatic--51198-pDA16ClzbDhQ/[22m[2massets/[22m[32maccessibility-W_h2acOZ.png         [39m[1m[2m 42.34 kB[22m[1m[22m
[2m../../../../../var/folders/2d/03p79k4d799dx5_38qr133gm0000gn/T/chromatic--51198-pDA16ClzbDhQ/[22m[2massets/[22m[32mfigma-plugin-CH2hELiO.png          [39m[1m[2m 44.25 kB[22m[1m[22m
[2m../../../../../var/folders/2d/03p79k4d799dx5_38qr133gm0000gn/T/chromatic--51198-pDA16ClzbDhQ/[22m[2massets/[22m[32mtheming-D6WJLNoW.png               [39m[1m[2m 44.37 kB[22m[1m[22m
[2m../../../../../var/folders/2d/03p79k4d799dx5_38qr133gm0000gn/T/chromatic--51198-pDA16ClzbDhQ/[22m[2massets/[22m[32mtesting-cbzR9l9r.png               [39m[1m[2m 49.31 kB[22m[1m[22m
[2m../../../../../var/folders/2d/03p79k4d799dx5_38qr133gm0000gn/T/chromatic--51198-pDA16ClzbDhQ/[22m[2massets/[22m[32maddon-library-BWUCAmyN.png         [39m[1m[2m467.37 kB[22m[1m[22m
[2m../../../../../var/folders/2d/03p79k4d799dx5_38qr133gm0000gn/T/chromatic--51198-pDA16ClzbDhQ/[22m[2massets/[22m[35mHeader-Ck-SSN7O.css                [39m[1m[2m  0.51 kB[22m[1m[22m[2m │ gzip:   0.30 kB[22m
[2m../../../../../var/folders/2d/03p79k4d799dx5_38qr133gm0000gn/T/chromatic--51198-pDA16ClzbDhQ/[22m[2massets/[22m[35mButton-B2efaGtC.css                [39m[1m[2m  0.52 kB[22m[1m[22m[2m │ gzip:   0.29 kB[22m
[2m../../../../../var/folders/2d/03p79k4d799dx5_38qr133gm0000gn/T/chromatic--51198-pDA16ClzbDhQ/[22m[2massets/[22m[35mPage-CeeQJVdd.css                  [39m[1m[2m  0.91 kB[22m[1m[22m[2m │ gzip:   0.39 kB[22m
[2m../../../../../var/folders/2d/03p79k4d799dx5_38qr133gm0000gn/T/chromatic--51198-pDA16ClzbDhQ/[22m[2massets/[22m[36mpreview-CIRcjyVj.js                [39m[1m[2m  0.11 kB[22m[1m[22m[2m │ gzip:   0.11 kB[22m
[2m../../../../../var/folders/2d/03p79k4d799dx5_38qr133gm0000gn/T/chromatic--51198-pDA16ClzbDhQ/[22m[2massets/[22m[36mpreview-DRSKhugA.js                [39m[1m[2m  0.17 kB[22m[1m[22m[2m │ gzip:   0.17 kB[22m
[2m../../../../../var/folders/2d/03p79k4d799dx5_38qr133gm0000gn/T/chromatic--51198-pDA16ClzbDhQ/[22m[2massets/[22m[36mpreview-CvbIS5ZJ.js                [39m[1m[2m  0.18 kB[22m[1m[22m[2m │ gzip:   0.16 kB[22m
[2m../../../../../var/folders/2d/03p79k4d799dx5_38qr133gm0000gn/T/chromatic--51198-pDA16ClzbDhQ/[22m[2massets/[22m[36mindex-B8rYRX2K.js                  [39m[1m[2m  0.42 kB[22m[1m[22m[2m │ gzip:   0.27 kB[22m
[2m../../../../../var/folders/2d/03p79k4d799dx5_38qr133gm0000gn/T/chromatic--51198-pDA16ClzbDhQ/[22m[2massets/[22m[36mchunk-XP5HYGXS-BpfKkqn7.js         [39m[1m[2m  0.71 kB[22m[1m[22m[2m │ gzip:   0.40 kB[22m
[2m../../../../../var/folders/2d/03p79k4d799dx5_38qr133gm0000gn/T/chromatic--51198-pDA16ClzbDhQ/[22m[2massets/[22m[36mpreview-DGUiP6tS.js                [39m[1m[2m  0.71 kB[22m[1m[22m[2m │ gzip:   0.50 kB[22m
[2m../../../../../var/folders/2d/03p79k4d799dx5_38qr133gm0000gn/T/chromatic--51198-pDA16ClzbDhQ/[22m[2massets/[22m[36mjsx-runtime-D_zvdyIk.js            [39m[1m[2m  0.73 kB[22m[1m[22m[2m │ gzip:   0.46 kB[22m
[2m../../../../../var/folders/2d/03p79k4d799dx5_38qr133gm0000gn/T/chromatic--51198-pDA16ClzbDhQ/[22m[2massets/[22m[36mindex-DrFu-skq.js                  [39m[1m[2m  0.77 kB[22m[1m[22m[2m │ gzip:   0.47 kB[22m
[2m../../../../../var/folders/2d/03p79k4d799dx5_38qr133gm0000gn/T/chromatic--51198-pDA16ClzbDhQ/[22m[2massets/[22m[36mHeader.stories-BvSWPMM4.js         [39m[1m[2m  0.86 kB[22m[1m[22m[2m │ gzip:   0.46 kB[22m
[2m../../../../../var/folders/2d/03p79k4d799dx5_38qr133gm0000gn/T/chromatic--51198-pDA16ClzbDhQ/[22m[2massets/[22m[36mpreview-CZ3CunoP.js                [39m[1m[2m  0.90 kB[22m[1m[22m[2m │ gzip:   0.57 kB[22m
[2m../../../../../var/folders/2d/03p79k4d799dx5_38qr133gm0000gn/T/chromatic--51198-pDA16ClzbDhQ/[22m[2massets/[22m[36mtest-utils--_O2wM1y.js             [39m[1m[2m  1.12 kB[22m[1m[22m[2m │ gzip:   0.69 kB[22m
[2m../../../../../var/folders/2d/03p79k4d799dx5_38qr133gm0000gn/T/chromatic--51198-pDA16ClzbDhQ/[22m[2massets/[22m[36mButton-Brdg18Zs.js                 [39m[1m[2m  1.23 kB[22m[1m[22m[2m │ gzip:   0.60 kB[22m
[2m../../../../../var/folders/2d/03p79k4d799dx5_38qr133gm0000gn/T/chromatic--51198-pDA16ClzbDhQ/[22m[2massets/[22m[36mDocsRenderer-CFRXHY34-BQVfbKe1.js  [39m[1m[2m  1.31 kB[22m[1m[22m[2m │ gzip:   0.70 kB[22m
[2m../../../../../var/folders/2d/03p79k4d799dx5_38qr133gm0000gn/T/chromatic--51198-pDA16ClzbDhQ/[22m[2massets/[22m[36mButton.stories-1OqGtfVr.js         [39m[1m[2m  1.49 kB[22m[1m[22m[2m │ gzip:   0.56 kB[22m
[2m../../../../../var/folders/2d/03p79k4d799dx5_38qr133gm0000gn/T/chromatic--51198-pDA16ClzbDhQ/[22m[2massets/[22m[36mHeader-DyW3d9t5.js                 [39m[1m[2m  1.79 kB[22m[1m[22m[2m │ gzip:   0.78 kB[22m
[2m../../../../../var/folders/2d/03p79k4d799dx5_38qr133gm0000gn/T/chromatic--51198-pDA16ClzbDhQ/[22m[2massets/[22m[36mpreview-DD_OYowb.js                [39m[1m[2m  3.51 kB[22m[1m[22m[2m │ gzip:   1.69 kB[22m
[2m../../../../../var/folders/2d/03p79k4d799dx5_38qr133gm0000gn/T/chromatic--51198-pDA16ClzbDhQ/[22m[2massets/[22m[36mPage.stories-DeBT-YrZ.js           [39m[1m[2m  3.59 kB[22m[1m[22m[2m │ gzip:   1.55 kB[22m
[2m../../../../../var/folders/2d/03p79k4d799dx5_38qr133gm0000gn/T/chromatic--51198-pDA16ClzbDhQ/[22m[2massets/[22m[36mindex-DsJinFGm.js                  [39m[1m[2m  3.89 kB[22m[1m[22m[2m │ gzip:   1.52 kB[22m
[2m../../../../../var/folders/2d/03p79k4d799dx5_38qr133gm0000gn/T/chromatic--51198-pDA16ClzbDhQ/[22m[2massets/[22m[36mpreview-B8lJiyuQ.js                [39m[1m[2m  5.06 kB[22m[1m[22m[2m │ gzip:   1.88 kB[22m
[2m../../../../../var/folders/2d/03p79k4d799dx5_38qr133gm0000gn/T/chromatic--51198-pDA16ClzbDhQ/[22m[2massets/[22m[36mpreview-BWzBA1C2.js                [39m[1m[2m  7.62 kB[22m[1m[22m[2m │ gzip:   1.56 kB[22m
[2m../../../../../var/folders/2d/03p79k4d799dx5_38qr133gm0000gn/T/chromatic--51198-pDA16ClzbDhQ/[22m[2massets/[22m[36mpreview-BBWR9nbA.js                [39m[1m[2m  8.12 kB[22m[1m[22m[2m │ gzip:   3.10 kB[22m
[2m../../../../../var/folders/2d/03p79k4d799dx5_38qr133gm0000gn/T/chromatic--51198-pDA16ClzbDhQ/[22m[2massets/[22m[36mindex-D4lIrffr.js                  [39m[1m[2m  8.40 kB[22m[1m[22m[2m │ gzip:   3.28 kB[22m
[2m../../../../../var/folders/2d/03p79k4d799dx5_38qr133gm0000gn/T/chromatic--51198-pDA16ClzbDhQ/[22m[2massets/[22m[36mConfigure-BDyumCqf.js              [39m[1m[2m 25.84 kB[22m[1m[22m[2m │ gzip:  11.00 kB[22m
[2m../../../../../var/folders/2d/03p79k4d799dx5_38qr133gm0000gn/T/chromatic--51198-pDA16ClzbDhQ/[22m[2massets/[22m[36mColor-YHDXOIA2-C0NjwFUd.js         [39m[1m[2m 29.29 kB[22m[1m[22m[2m │ gzip:  11.01 kB[22m
[2m../../../../../var/folders/2d/03p79k4d799dx5_38qr133gm0000gn/T/chromatic--51198-pDA16ClzbDhQ/[22m[2massets/[22m[36mentry-preview-DAuGzIS6.js          [39m[1m[2m 29.76 kB[22m[1m[22m[2m │ gzip:   9.52 kB[22m
[2m../../../../../var/folders/2d/03p79k4d799dx5_38qr133gm0000gn/T/chromatic--51198-pDA16ClzbDhQ/[22m[2massets/[22m[36mindex-CXQShRbs.js                  [39m[1m[2m 53.73 kB[22m[1m[22m[2m │ gzip:  15.55 kB[22m
[2m../../../../../var/folders/2d/03p79k4d799dx5_38qr133gm0000gn/T/chromatic--51198-pDA16ClzbDhQ/[22m[2massets/[22m[36mreact-18-Dhjvimrl.js               [39m[1m[2m174.53 kB[22m[1m[22m[2m │ gzip:  55.25 kB[22m
[2m../../../../../var/folders/2d/03p79k4d799dx5_38qr133gm0000gn/T/chromatic--51198-pDA16ClzbDhQ/[22m[2massets/[22m[36miframe-DI6OiNBW.js                 [39m[1m[2m212.55 kB[22m[1m[22m[2m │ gzip:  71.88 kB[22m
[2m../../../../../var/folders/2d/03p79k4d799dx5_38qr133gm0000gn/T/chromatic--51198-pDA16ClzbDhQ/[22m[2massets/[22m[36mentry-preview-docs-hFR7sEJd.js     [39m[1m[2m247.07 kB[22m[1m[22m[2m │ gzip:  73.42 kB[22m
[2m../../../../../var/folders/2d/03p79k4d799dx5_38qr133gm0000gn/T/chromatic--51198-pDA16ClzbDhQ/[22m[2massets/[22m[36mindex-B7YJKKKT.js                  [39m[1m[33m662.19 kB[39m[22m[2m │ gzip: 156.70 kB[22m
[2m../../../../../var/folders/2d/03p79k4d799dx5_38qr133gm0000gn/T/chromatic--51198-pDA16ClzbDhQ/[22m[2massets/[22m[36mindex-Db-hblK4.js                  [39m[1m[33m892.67 kB[39m[22m[2m │ gzip: 275.49 kB[22m
[32m✓ built in 4.38s[39m
info => Preview built ([38;2;181;126;229m5.19 s[39m)
info => Output directory: /var/folders/2d/03p79k4d799dx5_38qr133gm0000gn/T/chromatic--51198-pDA16ClzbDhQ
